<?xml version="1.0" encoding="UTF-8"?>
<!-- Generated by org.testng.reporters.JUnitReportReporter -->
<testsuite hostname="MSI" failures="0" tests="1" name="com.test.main.NewTest" time="0.005" errors="0" timestamp="2021-11-24T13:52:20 IST" skipped="0">
  <testcase classname="com.test.main.NewTest" name="f" time="0.005"/>
  <system-out/>
</testsuite> <!-- com.test.main.NewTest -->
